[debug] [2023-08-16T20:09:53.330Z] ----------------------------------------------------------------------
[debug] [2023-08-16T20:09:53.331Z] Command:       /usr/local/bin/node /usr/local/bin/firebase init
[debug] [2023-08-16T20:09:53.332Z] CLI Version:   12.4.7
[debug] [2023-08-16T20:09:53.332Z] Platform:      darwin
[debug] [2023-08-16T20:09:53.332Z] Node Version:  v18.16.1
[debug] [2023-08-16T20:09:53.333Z] Time:          Wed Aug 16 2023 17:09:53 GMT-0300 (Argentina Standard Time)
[debug] [2023-08-16T20:09:53.333Z] ----------------------------------------------------------------------
[debug] 
[debug] [2023-08-16T20:09:53.336Z] > command requires scopes: ["email","openid","https://www.googleapis.com/auth/cloudplatformprojects.readonly","https://www.googleapis.com/auth/firebase","https://www.googleapis.com/auth/cloud-platform"]
[debug] [2023-08-16T20:09:53.336Z] > authorizing via signed-in user (joacocog@gmail.com)
[info] 
     ######## #### ########  ######## ########     ###     ######  ########
     ##        ##  ##     ## ##       ##     ##  ##   ##  ##       ##
     ######    ##  ########  ######   ########  #########  ######  ######
     ##        ##  ##    ##  ##       ##     ## ##     ##       ## ##
     ##       #### ##     ## ######## ########  ##     ##  ######  ########

You're about to initialize a Firebase project in this directory:

  /Users/joaquincognigni/Desktop/rym-wiki

[info] 
=== Project Setup
[info] 
[info] First, let's associate this project directory with a Firebase project.
[info] You can create multiple project aliases by running firebase use --add, 
[info] but for now we'll just set up a default project.
[info] 
[debug] [2023-08-16T20:09:58.794Z] >>> [apiv2][query] GET https://firebase.googleapis.com/v1beta1/projects pageSize=100
[debug] [2023-08-16T20:09:59.816Z] <<< [apiv2][status] GET https://firebase.googleapis.com/v1beta1/projects 200
[debug] [2023-08-16T20:09:59.816Z] <<< [apiv2][body] GET https://firebase.googleapis.com/v1beta1/projects [omitted]
[info] i  Using project sadasda-8d258 (sadasda) 
[info] 
=== Hosting Setup
[info] 
[info] Your public directory is the folder (relative to your project directory) that
[info] will contain Hosting assets to be uploaded with firebase deploy. If you
[info] have a build process for your assets, use your build's output directory.
[info] 
[info] ✔  Wrote public/404.html 
[debug] [2023-08-16T20:10:18.827Z] >>> [apiv2][query] GET https://www.gstatic.com/firebasejs/releases.json [none]
[debug] [2023-08-16T20:10:18.890Z] <<< [apiv2][status] GET https://www.gstatic.com/firebasejs/releases.json 200
[debug] [2023-08-16T20:10:18.890Z] <<< [apiv2][body] GET https://www.gstatic.com/firebasejs/releases.json {"current":{"version":"10.1.0","browserURL":"https://www.gstatic.com/firebasejs/10.1.0/firebase.js","packageURL":"https://www.gstatic.com/firebasejs/10.1.0/firebase.tgz"},"live":{"version":"10.1","browserURL":"https://www.gstatic.com/firebasejs/live/10.1/firebase.js","packageURL":"https://www.gstatic.com/firebasejs/live/10.1/firebase.tgz"},"components":{"analytics":"https://www.gstatic.com/firebasejs/10.1.0/firebase-analytics.js","app":"https://www.gstatic.com/firebasejs/10.1.0/firebase-app.js","app-check":"https://www.gstatic.com/firebasejs/10.1.0/firebase-app-check.js","auth":"https://www.gstatic.com/firebasejs/10.1.0/firebase-auth.js","auth/cordova":"https://www.gstatic.com/firebasejs/10.1.0/firebase-auth/cordova.js","functions":"https://www.gstatic.com/firebasejs/10.1.0/firebase-functions.js","firestore":"https://www.gstatic.com/firebasejs/10.1.0/firebase-firestore.js","firestore/lite":"https://www.gstatic.com/firebasejs/10.1.0/firebase-firestore/lite.js","installations":"https://www.gstatic.com/firebasejs/10.1.0/firebase-installations.js","storage":"https://www.gstatic.com/firebasejs/10.1.0/firebase-storage.js","performance":"https://www.gstatic.com/firebasejs/10.1.0/firebase-performance.js","remote-config":"https://www.gstatic.com/firebasejs/10.1.0/firebase-remote-config.js","messaging":"https://www.gstatic.com/firebasejs/10.1.0/firebase-messaging.js","messaging/sw":"https://www.gstatic.com/firebasejs/10.1.0/firebase-messaging/sw.js","database":"https://www.gstatic.com/firebasejs/10.1.0/firebase-database.js","firestore.memory":"https://www.gstatic.com/firebasejs/10.1.0/firebase-firestore.memory.js"}}
[info] i  Skipping write of public/index.html 
[info] 
[info] i  Detected a .git folder at /Users/joaquincognigni/Desktop 
[info] i  Authorizing with GitHub to upload your service account to a GitHub repository's secrets store. 
[info] 
[info] Visit this URL on this device to log in:
[info] https://github.com/login/oauth/authorize?client_id=89cf50f02ac6aaed3484&state=242137998&redirect_uri=http%3A%2F%2Flocalhost%3A9005&scope=read%3Auser%20repo%20public_repo
[info] 
[info] Waiting for authentication...
[debug] [2023-08-16T20:11:19.508Z] >>> [apiv2][query] POST https://github.com/login/oauth/access_token [none]
[debug] [2023-08-16T20:11:19.508Z] >>> [apiv2][body] POST https://github.com/login/oauth/access_token [stream]
[debug] [2023-08-16T20:11:19.863Z] <<< [apiv2][status] POST https://github.com/login/oauth/access_token 200
[debug] [2023-08-16T20:11:19.864Z] <<< [apiv2][body] POST https://github.com/login/oauth/access_token {"access_token":"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","token_type":"bearer","scope":"read:user,repo"}
[debug] [2023-08-16T20:11:19.875Z] >>> [apiv2][query] GET https://api.github.com/user [none]
[debug] [2023-08-16T20:11:20.224Z] <<< [apiv2][status] GET https://api.github.com/user 200
[debug] [2023-08-16T20:11:20.224Z] <<< [apiv2][body] GET https://api.github.com/user {"login":"joacocog","id":103966411,"node_id":"U_kgDOBjJmyw","avatar_url":"https://avatars.githubusercontent.com/u/103966411?v=4","gravatar_id":"","url":"https://api.github.com/users/joacocog","html_url":"https://github.com/joacocog","followers_url":"https://api.github.com/users/joacocog/followers","following_url":"https://api.github.com/users/joacocog/following{/other_user}","gists_url":"https://api.github.com/users/joacocog/gists{/gist_id}","starred_url":"https://api.github.com/users/joacocog/starred{/owner}{/repo}","subscriptions_url":"https://api.github.com/users/joacocog/subscriptions","organizations_url":"https://api.github.com/users/joacocog/orgs","repos_url":"https://api.github.com/users/joacocog/repos","events_url":"https://api.github.com/users/joacocog/events{/privacy}","received_events_url":"https://api.github.com/users/joacocog/received_events","type":"User","site_admin":false,"name":"Joaquin Cognigni","company":null,"blog":"","location":null,"email":null,"hireable":null,"bio":null,"twitter_username":null,"public_repos":7,"public_gists":0,"followers":0,"following":0,"created_at":"2022-04-18T21:17:15Z","updated_at":"2023-07-05T14:07:50Z","private_gists":0,"total_private_repos":2,"owned_private_repos":2,"disk_usage":69874,"collaborators":0,"two_factor_authentication":false,"plan":{"name":"free","space":976562499,"collaborators":0,"private_repos":10000}}
[info] 
[info] ✔  Success! Logged into GitHub as joacocog 
[info] 
